<?xml version="1.0" encoding="UTF-8" standalone="yes"?><!DOCTYPE report PUBLIC "-//JACOCO//DTD Report 1.0//EN" "report.dtd"><report name="JaCoCo"><sessioninfo id="LAPTOP-7N3VOPE4-29f4ace5" start="1574387577065" dump="1574387578032"/><sessioninfo id="LAPTOP-7N3VOPE4-3bfe2000" start="1574388112248" dump="1574388112851"/><sessioninfo id="LAPTOP-7N3VOPE4-3f7acac3" start="1574388172654" dump="1574388173222"/><sessioninfo id="LAPTOP-7N3VOPE4-c13e218" start="1574388419489" dump="1574388420067"/><sessioninfo id="LAPTOP-7N3VOPE4-b571281e" start="1574388727411" dump="1574388727992"/><sessioninfo id="LAPTOP-7N3VOPE4-be9e7aed" start="1574389147967" dump="1574389148566"/><sessioninfo id="LAPTOP-7N3VOPE4-b124af8c" start="1574389821543" dump="1574389822142"/><sessioninfo id="LAPTOP-7N3VOPE4-55f6882f" start="1574389881140" dump="1574389881732"/><sessioninfo id="LAPTOP-7N3VOPE4-496da9e0" start="1574390254895" dump="1574390255473"/><sessioninfo id="LAPTOP-7N3VOPE4-208b01b1" start="1574390632916" dump="1574390633570"/><sessioninfo id="LAPTOP-7N3VOPE4-4a6895b3" start="1574390813794" dump="1574390814429"/><sessioninfo id="LAPTOP-7N3VOPE4-c09930c1" start="1574390976195" dump="1574390976788"/><sessioninfo id="LAPTOP-7N3VOPE4-9ea1707e" start="1574391430212" dump="1574391430857"/><sessioninfo id="LAPTOP-7N3VOPE4-51aa471b" start="1574391797464" dump="1574391798118"/><sessioninfo id="LAPTOP-7N3VOPE4-91ddc31a" start="1574391881366" dump="1574391881962"/><sessioninfo id="LAPTOP-7N3VOPE4-6d1bc5a9" start="1574391993670" dump="1574391994332"/><sessioninfo id="LAPTOP-7N3VOPE4-7d0af2dd" start="1574392252294" dump="1574392252922"/><sessioninfo id="LAPTOP-7N3VOPE4-f4a966ef" start="1574392781937" dump="1574392782538"/><sessioninfo id="LAPTOP-7N3VOPE4-dd1b633" start="1574392952435" dump="1574392953053"/><sessioninfo id="LAPTOP-7N3VOPE4-fade1be2" start="1574394304480" dump="1574394305090"/><sessioninfo id="LAPTOP-7N3VOPE4-41b61397" start="1574394665268" dump="1574394665907"/><sessioninfo id="LAPTOP-7N3VOPE4-2bccbb35" start="1574394710641" dump="1574394711213"/><sessioninfo id="LAPTOP-7N3VOPE4-897d9fd2" start="1574394855700" dump="1574394856311"/><sessioninfo id="LAPTOP-7N3VOPE4-d201fc19" start="1574394957992" dump="1574394958566"/><sessioninfo id="LAPTOP-7N3VOPE4-ee07e21" start="1574395141911" dump="1574395142534"/><sessioninfo id="LAPTOP-7N3VOPE4-128a5b01" start="1574395410020" dump="1574395410636"/><sessioninfo id="LAPTOP-7N3VOPE4-3f80719" start="1574395531338" dump="1574395531962"/><sessioninfo id="LAPTOP-7N3VOPE4-591a2b1d" start="1574396182595" dump="1574396183192"/><sessioninfo id="LAPTOP-7N3VOPE4-611a3e16" start="1574396312032" dump="1574396312690"/><sessioninfo id="LAPTOP-7N3VOPE4-81333986" start="1574396595080" dump="1574396595640"/><sessioninfo id="LAPTOP-7N3VOPE4-1a5affd3" start="1574396810619" dump="1574396811186"/><sessioninfo id="LAPTOP-7N3VOPE4-47b08a03" start="1574396911784" dump="1574396912373"/><package name="com/test/jacoco"><class name="com/test/jacoco/HelloWorld"><method name="&lt;init&gt;" desc="()V" line="7"><counter type="INSTRUCTION" missed="0" covered="3"/><counter type="LINE" missed="0" covered="2"/><counter type="COMPLEXITY" missed="0" covered="1"/><counter type="METHOD" missed="0" covered="1"/></method><method name="Method1" desc="()Ljava/lang/String;" line="12"><counter type="INSTRUCTION" missed="0" covered="2"/><counter type="LINE" missed="0" covered="1"/><counter type="COMPLEXITY" missed="0" covered="1"/><counter type="METHOD" missed="0" covered="1"/></method><method name="Method2" desc="(II)I" line="16"><counter type="INSTRUCTION" missed="0" covered="4"/><counter type="LINE" missed="0" covered="1"/><counter type="COMPLEXITY" missed="0" covered="1"/><counter type="METHOD" missed="0" covered="1"/></method><method name="Method3" desc="(III)I" line="20"><counter type="INSTRUCTION" missed="0" covered="26"/><counter type="BRANCH" missed="0" covered="10"/><counter type="LINE" missed="0" covered="8"/><counter type="COMPLEXITY" missed="0" covered="6"/><counter type="METHOD" missed="0" covered="1"/></method><method name="Method4" desc="(IIIIF)I" line="32"><counter type="INSTRUCTION" missed="0" covered="25"/><counter type="BRANCH" missed="0" covered="8"/><counter type="LINE" missed="0" covered="7"/><counter type="COMPLEXITY" missed="0" covered="5"/><counter type="METHOD" missed="0" covered="1"/></method><method name="bug" desc="(I)Z" line="43"><counter type="INSTRUCTION" missed="0" covered="7"/><counter type="BRANCH" missed="0" covered="2"/><counter type="LINE" missed="0" covered="2"/><counter type="COMPLEXITY" missed="0" covered="2"/><counter type="METHOD" missed="0" covered="1"/></method><method name="isTriangle" desc="(III)Z" line="53"><counter type="INSTRUCTION" missed="0" covered="27"/><counter type="BRANCH" missed="0" covered="12"/><counter type="LINE" missed="0" covered="5"/><counter type="COMPLEXITY" missed="0" covered="7"/><counter type="METHOD" missed="0" covered="1"/></method><method name="isBirthday" desc="(III)Z" line="65"><counter type="INSTRUCTION" missed="0" covered="60"/><counter type="BRANCH" missed="0" covered="35"/><counter type="LINE" missed="0" covered="9"/><counter type="COMPLEXITY" missed="0" covered="19"/><counter type="METHOD" missed="0" covered="1"/></method><method name="isRunnian" desc="(I)Z" line="85"><counter type="INSTRUCTION" missed="0" covered="8"/><counter type="BRANCH" missed="0" covered="2"/><counter type="LINE" missed="0" covered="3"/><counter type="COMPLEXITY" missed="0" covered="2"/><counter type="METHOD" missed="0" covered="1"/></method><method name="miniCalculator" desc="(DDC)Ljava/lang/Double;" line="95"><counter type="INSTRUCTION" missed="0" covered="48"/><counter type="BRANCH" missed="0" covered="15"/><counter type="LINE" missed="0" covered="14"/><counter type="COMPLEXITY" missed="0" covered="10"/><counter type="METHOD" missed="0" covered="1"/></method><counter type="INSTRUCTION" missed="0" covered="210"/><counter type="BRANCH" missed="0" covered="84"/><counter type="LINE" missed="0" covered="52"/><counter type="COMPLEXITY" missed="0" covered="54"/><counter type="METHOD" missed="0" covered="10"/><counter type="CLASS" missed="0" covered="1"/></class><sourcefile name="HelloWorld.java"><line nr="7" mi="0" ci="2" mb="0" cb="0"/><line nr="9" mi="0" ci="1" mb="0" cb="0"/><line nr="12" mi="0" ci="2" mb="0" cb="0"/><line nr="16" mi="0" ci="4" mb="0" cb="0"/><line nr="20" mi="0" ci="7" mb="0" cb="6"/><line nr="21" mi="0" ci="3" mb="0" cb="0"/><line nr="22" mi="0" ci="1" mb="0" cb="0"/><line nr="23" mi="0" ci="6" mb="0" cb="4"/><line nr="24" mi="0" ci="3" mb="0" cb="0"/><line nr="25" mi="0" ci="1" mb="0" cb="0"/><line nr="27" mi="0" ci="3" mb="0" cb="0"/><line nr="29" mi="0" ci="2" mb="0" cb="0"/><line nr="32" mi="0" ci="2" mb="0" cb="2"/><line nr="33" mi="0" ci="2" mb="0" cb="0"/><line nr="35" mi="0" ci="2" mb="0" cb="0"/><line nr="36" mi="0" ci="10" mb="0" cb="6"/><line nr="37" mi="0" ci="2" mb="0" cb="0"/><line nr="39" mi="0" ci="5" mb="0" cb="0"/><line nr="40" mi="0" ci="2" mb="0" cb="0"/><line nr="43" mi="0" ci="5" mb="0" cb="2"/><line nr="44" mi="0" ci="2" mb="0" cb="0"/><line nr="53" mi="0" ci="6" mb="0" cb="6"/><line nr="54" mi="0" ci="2" mb="0" cb="0"/><line nr="55" mi="0" ci="15" mb="0" cb="6"/><line nr="56" mi="0" ci="2" mb="0" cb="0"/><line nr="57" mi="0" ci="2" mb="0" cb="0"/><line nr="65" mi="0" ci="16" mb="0" cb="12"/><line nr="66" mi="0" ci="2" mb="0" cb="0"/><line nr="67" mi="0" ci="2" mb="0" cb="3"/><line nr="69" mi="0" ci="14" mb="0" cb="8"/><line nr="70" mi="0" ci="2" mb="0" cb="0"/><line nr="76" mi="0" ci="5" mb="0" cb="2"/><line nr="80" mi="0" ci="15" mb="0" cb="10"/><line nr="81" mi="0" ci="2" mb="0" cb="0"/><line nr="82" mi="0" ci="2" mb="0" cb="0"/><line nr="85" mi="0" ci="4" mb="0" cb="2"/><line nr="86" mi="0" ci="2" mb="0" cb="0"/><line nr="87" mi="0" ci="2" mb="0" cb="0"/><line nr="95" mi="0" ci="2" mb="0" cb="0"/><line nr="96" mi="0" ci="2" mb="0" cb="5"/><line nr="98" mi="0" ci="4" mb="0" cb="0"/><line nr="99" mi="0" ci="1" mb="0" cb="0"/><line nr="101" mi="0" ci="4" mb="0" cb="0"/><line nr="102" mi="0" ci="1" mb="0" cb="0"/><line nr="104" mi="0" ci="4" mb="0" cb="0"/><line nr="105" mi="0" ci="1" mb="0" cb="0"/><line nr="107" mi="0" ci="4" mb="0" cb="2"/><line nr="108" mi="0" ci="3" mb="0" cb="0"/><line nr="110" mi="0" ci="4" mb="0" cb="0"/><line nr="113" mi="0" ci="12" mb="0" cb="8"/><line nr="114" mi="0" ci="3" mb="0" cb="0"/><line nr="116" mi="0" ci="3" mb="0" cb="0"/><counter type="INSTRUCTION" missed="0" covered="210"/><counter type="BRANCH" missed="0" covered="84"/><counter type="LINE" missed="0" covered="52"/><counter type="COMPLEXITY" missed="0" covered="54"/><counter type="METHOD" missed="0" covered="10"/><counter type="CLASS" missed="0" covered="1"/></sourcefile><counter type="INSTRUCTION" missed="0" covered="210"/><counter type="BRANCH" missed="0" covered="84"/><counter type="LINE" missed="0" covered="52"/><counter type="COMPLEXITY" missed="0" covered="54"/><counter type="METHOD" missed="0" covered="10"/><counter type="CLASS" missed="0" covered="1"/></package><counter type="INSTRUCTION" missed="0" covered="210"/><counter type="BRANCH" missed="0" covered="84"/><counter type="LINE" missed="0" covered="52"/><counter type="COMPLEXITY" missed="0" covered="54"/><counter type="METHOD" missed="0" covered="10"/><counter type="CLASS" missed="0" covered="1"/></report>